#
# A fatal error has been detected by the Java Runtime Environment:
#
#  EXCEPTION_ACCESS_VIOLATION (0xc0000005) at pc=0x00000000696a9e80, pid=2300, tid=0x0000000000000760
#
# JRE version: Java(TM) SE Runtime Environment (8.0_111-b14) (build 1.8.0_111-b14)
# Java VM: Java HotSpot(TM) 64-Bit Server VM (25.111-b14 mixed mode windows-amd64 compressed oops)
# Problematic frame:
# V  [jvm.dll+0x129e80]
#
# Failed to write core dump. Minidumps are not enabled by default on client versions of Windows
#
# If you would like to submit a bug report, please visit:
#   http://bugreport.java.com/bugreport/crash.jsp
#

---------------  T H R E A D  ---------------

Current thread (0x0000000061a01800):  JavaThread "RMI TCP Connection(6)-127.0.0.1" daemon [_thread_in_vm, id=1888, stack(0x0000000064d00000,0x0000000064e00000)]

siginfo: ExceptionCode=0xc0000005, reading address 0x0000000000000008

Registers:
RAX=0x0000000064df9950, RBX=0x0000000000000000, RCX=0x0000000000000000, RDX=0x0000000061a01800
RSP=0x0000000064df9918, RBP=0x0000000064df9fe0, RSI=0x0000000061a01800, RDI=0x0000000061a01800
R8 =0x0000000002b10000, R9 =0x0000000000000006, R10=0x0000000000000000, R11=0x0000000064df9900
R12=0x0000000000000000, R13=0x0000000064dfa000, R14=0x0000000064dfa1f0, R15=0x0000000061a01800
RIP=0x00000000696a9e80, EFLAGS=0x0000000000010246

Top of Stack: (sp=0x0000000064df9918)
0x0000000064df9918:   00000000697ae7b9 00000000619effe8
0x0000000064df9928:   0000000061a01800 0000000061a01800
0x0000000064df9938:   0000000056deab20 0000000064dfa1b0
0x0000000064df9948:   00000000dc8867f0 0000000064df9ff0
0x0000000064df9958:   0000000002b108da 0000000002b10790
0x0000000064df9968:   0000000000000000 0000000064dfa0e0
0x0000000064df9978:   0000000064df9ff0 0000000061a01800
0x0000000064df9988:   0000000002b10827 0000000002c70c00
0x0000000064df9998:   0000000000000000 0000000064dfa000
0x0000000064df99a8:   0000000064dfa1f0 0000000061a01800
0x0000000064df99b8:   0000000002b15620 000000000000027f
0x0000000064df99c8:   0000000000000000 0000000000000000
0x0000000064df99d8:   0000ffff00001fa0 0000000000000000
0x0000000064df99e8:   0000000000000000 0000000000000000
0x0000000064df99f8:   0000000000000000 0000000000000000
0x0000000064df9a08:   0000000000000000 0000000000000000 

Instructions: (pc=0x00000000696a9e80)
0x00000000696a9e60:   48 3b c2 77 f3 41 0f b7 40 20 4a 8d 4c 00 30 48
0x00000000696a9e70:   3b d1 73 e4 41 2b d0 8d 42 d0 c3 33 c0 c3 cc cc
0x00000000696a9e80:   48 8b 41 08 48 63 d2 48 8d 44 10 30 c3 cc cc cc
0x00000000696a9e90:   48 8b 41 08 48 8b 48 08 48 8b 41 18 48 8b 40 10 


Register to memory mapping:

RAX=0x0000000064df9950 is pointing into the stack for thread: 0x0000000061a01800
RBX=0x0000000000000000 is an unknown value
RCX=0x0000000000000000 is an unknown value
RDX=0x0000000061a01800 is a thread
RSP=0x0000000064df9918 is pointing into the stack for thread: 0x0000000061a01800
RBP=0x0000000064df9fe0 is pointing into the stack for thread: 0x0000000061a01800
RSI=0x0000000061a01800 is a thread
RDI=0x0000000061a01800 is a thread
R8 =0x0000000002b10000 is an unknown value
R9 =0x0000000000000006 is an unknown value
R10=0x0000000000000000 is an unknown value
R11=0x0000000064df9900 is pointing into the stack for thread: 0x0000000061a01800
R12=0x0000000000000000 is an unknown value
R13=0x0000000064dfa000 is pointing into the stack for thread: 0x0000000061a01800
R14=0x0000000064dfa1f0 is pointing into the stack for thread: 0x0000000061a01800
R15=0x0000000061a01800 is a thread


Stack: [0x0000000064d00000,0x0000000064e00000],  sp=0x0000000064df9918,  free space=998k
Native frames: (J=compiled Java code, j=interpreted, Vv=VM code, C=native code)
V  [jvm.dll+0x129e80]

Java frames: (J=compiled Java code, j=interpreted, Vv=VM code)
v  ~RuntimeStub::StackOverflowError throw_exception
v  ~StubRoutines::call_stub
v  ~RuntimeStub::register_finalizer Runtime1 stub
J 703 C1 java.util.zip.ZipFile$ZipFileInputStream.<init>(Ljava/util/zip/ZipFile;J)V (41 bytes) @ 0x0000000002d3f49f [0x0000000002d3f440+0x5f]
J 555 C1 java.util.zip.ZipFile.getInputStream(Ljava/util/zip/ZipEntry;)Ljava/io/InputStream; (304 bytes) @ 0x0000000002cea674 [0x0000000002cea440+0x234]
J 759 C1 java.util.jar.JarFile.getInputStream(Ljava/util/zip/ZipEntry;)Ljava/io/InputStream; (89 bytes) @ 0x0000000002d59504 [0x0000000002d591e0+0x324]
J 995 C1 sun.misc.URLClassPath$JarLoader$2.getInputStream()Ljava/io/InputStream; (15 bytes) @ 0x0000000002db624c [0x0000000002db6200+0x4c]
J 789 C1 java.net.URLClassLoader.defineClass(Ljava/lang/String;Lsun/misc/Resource;)Ljava/lang/Class; (142 bytes) @ 0x0000000002d673dc [0x0000000002d671e0+0x1fc]
J 727 C1 java.net.URLClassLoader$1.run()Ljava/lang/Class; (63 bytes) @ 0x0000000002d4848c [0x0000000002d483c0+0xcc]
J 726 C1 java.net.URLClassLoader$1.run()Ljava/lang/Object; (5 bytes) @ 0x0000000002d4809c [0x0000000002d48060+0x3c]
v  ~StubRoutines::call_stub
J 666  java.security.AccessController.doPrivileged(Ljava/security/PrivilegedExceptionAction;Ljava/security/AccessControlContext;)Ljava/lang/Object; (0 bytes) @ 0x0000000002d2b8a6 [0x0000000002d2b840+0x66]
J 669 C1 java.net.URLClassLoader.findClass(Ljava/lang/String;)Ljava/lang/Class; (47 bytes) @ 0x0000000002d2de14 [0x0000000002d2dd60+0xb4]
j  java.lang.ClassLoader.loadClass(Ljava/lang/String;Z)Ljava/lang/Class;+70
J 594 C1 sun.misc.Launcher$AppClassLoader.loadClass(Ljava/lang/String;Z)Ljava/lang/Class; (85 bytes) @ 0x0000000002d04aa4 [0x0000000002d047c0+0x2e4]
J 583 C1 java.lang.ClassLoader.loadClass(Ljava/lang/String;)Ljava/lang/Class; (7 bytes) @ 0x0000000002d02b3c [0x0000000002d02ae0+0x5c]
v  ~StubRoutines::call_stub
j  org.springframework.boot.actuate.endpoint.SecurityContext.<clinit>()V+0
v  ~StubRoutines::call_stub
j  org.springframework.boot.actuate.endpoint.jmx.EndpointMBean.invoke(Lorg/springframework/boot/actuate/endpoint/jmx/JmxOperation;[Ljava/lang/Object;)Ljava/lang/Object;+48
j  org.springframework.boot.actuate.endpoint.jmx.EndpointMBean.invoke(Ljava/lang/String;[Ljava/lang/Object;[Ljava/lang/String;)Ljava/lang/Object;+81
J 6510 C1 com.sun.jmx.interceptor.DefaultMBeanServerInterceptor.invoke(Ljavax/management/ObjectName;Ljava/lang/String;[Ljava/lang/Object;[Ljava/lang/String;)Ljava/lang/Object; (49 bytes) @ 0x000000000382eeac [0x000000000382ed00+0x1ac]
J 6500 C1 com.sun.jmx.mbeanserver.JmxMBeanServer.invoke(Ljavax/management/ObjectName;Ljava/lang/String;[Ljava/lang/Object;[Ljava/lang/String;)Ljava/lang/Object; (19 bytes) @ 0x00000000038291a4 [0x0000000003829040+0x164]
J 6464 C1 javax.management.remote.rmi.RMIConnectionImpl.doOperation(I[Ljava/lang/Object;)Ljava/lang/Object; (706 bytes) @ 0x00000000038103dc [0x000000000380fb20+0x8bc]
J 6489 C1 javax.management.remote.rmi.RMIConnectionImpl.doPrivilegedOperation(I[Ljava/lang/Object;Ljavax/security/auth/Subject;)Ljava/lang/Object; (167 bytes) @ 0x000000000382190c [0x0000000003821780+0x18c]
J 6507 C1 javax.management.remote.rmi.RMIConnectionImpl.invoke(Ljavax/management/ObjectName;Ljava/lang/String;Ljava/rmi/MarshalledObject;[Ljava/lang/String;Ljavax/security/auth/Subject;)Ljava/lang/Object; (278 bytes) @ 0x000000000382beec [0x000000000382b600+0x8ec]
J 6386 C1 sun.reflect.GeneratedMethodAccessor84.invoke(Ljava/lang/Object;[Ljava/lang/Object;)Ljava/lang/Object; (99 bytes) @ 0x00000000037dc47c [0x00000000037dc2a0+0x1dc]
J 1031 C1 sun.reflect.DelegatingMethodAccessorImpl.invoke(Ljava/lang/Object;[Ljava/lang/Object;)Ljava/lang/Object; (10 bytes) @ 0x0000000002dc467c [0x0000000002dc4620+0x5c]
J 976 C1 java.lang.reflect.Method.invoke(Ljava/lang/Object;[Ljava/lang/Object;)Ljava/lang/Object; (62 bytes) @ 0x0000000002daf4cc [0x0000000002daf3a0+0x12c]
J 6448 C1 sun.rmi.server.UnicastServerRef.dispatch(Ljava/rmi/Remote;Ljava/rmi/server/RemoteCall;)V (411 bytes) @ 0x00000000038053dc [0x0000000003805100+0x2dc]
J 6430 C1 sun.rmi.transport.Transport$1.run()Ljava/lang/Object; (5 bytes) @ 0x00000000037fd0d4 [0x00000000037fd040+0x94]
v  ~StubRoutines::call_stub
J 666  java.security.AccessController.doPrivileged(Ljava/security/PrivilegedExceptionAction;Ljava/security/AccessControlContext;)Ljava/lang/Object; (0 bytes) @ 0x0000000002d2b8a6 [0x0000000002d2b840+0x66]
J 6425 C1 sun.rmi.transport.Transport.serviceCall(Ljava/rmi/server/RemoteCall;)Z (380 bytes) @ 0x00000000037f8554 [0x00000000037f7ca0+0x8b4]
j  sun.rmi.transport.tcp.TCPTransport.handleMessages(Lsun/rmi/transport/Connection;Z)V+185
j  sun.rmi.transport.tcp.TCPTransport$ConnectionHandler.run0()V+680
j  sun.rmi.transport.tcp.TCPTransport$ConnectionHandler.lambda$run$0()Ljava/lang/Void;+1
j  sun.rmi.transport.tcp.TCPTransport$ConnectionHandler$$Lambda$1.run()Ljava/lang/Object;+4
v  ~StubRoutines::call_stub
J 1358  java.security.AccessController.doPrivileged(Ljava/security/PrivilegedAction;Ljava/security/AccessControlContext;)Ljava/lang/Object; (0 bytes) @ 0x0000000002e37ee6 [0x0000000002e37e80+0x66]
j  sun.rmi.transport.tcp.TCPTransport$ConnectionHandler.run()V+58
j  java.util.concurrent.ThreadPoolExecutor.runWorker(Ljava/util/concurrent/ThreadPoolExecutor$Worker;)V+95
j  java.util.concurrent.ThreadPoolExecutor$Worker.run()V+5
j  java.lang.Thread.run()V+11
v  ~StubRoutines::call_stub

---------------  P R O C E S S  ---------------

Java Threads: ( => current thread )
  0x0000000061a66000 JavaThread "JMX server connection timeout 100" daemon [_thread_blocked, id=1908, stack(0x00000000650b0000,0x00000000651b0000)]
  0x0000000061a67000 JavaThread "JMX server connection timeout 96" daemon [_thread_blocked, id=2924, stack(0x00000000652d0000,0x00000000653d0000)]
  0x0000000061a02000 JavaThread "RMI TCP Connection(8)-127.0.0.1" daemon [_thread_in_native, id=7428, stack(0x0000000064ec0000,0x0000000064fc0000)]
=>0x0000000061a01800 JavaThread "RMI TCP Connection(6)-127.0.0.1" daemon [_thread_in_vm, id=1888, stack(0x0000000064d00000,0x0000000064e00000)]
  0x0000000061a00800 JavaThread "RMI TCP Connection(7)-127.0.0.1" daemon [_thread_in_native, id=1884, stack(0x0000000064b10000,0x0000000064c10000)]
  0x0000000061a00000 JavaThread "RMI TCP Connection(5)-127.0.0.1" daemon [_thread_blocked, id=9352, stack(0x0000000064640000,0x0000000064740000)]
  0x00000000619ff000 JavaThread "RMI TCP Connection(3)-127.0.0.1" daemon [_thread_in_native, id=1876, stack(0x0000000064890000,0x0000000064990000)]
  0x00000000619fe800 JavaThread "RMI TCP Connection(4)-127.0.0.1" daemon [_thread_in_native, id=1872, stack(0x0000000064770000,0x0000000064870000)]
  0x00000000619fd000 JavaThread "DestroyJavaVM" [_thread_blocked, id=7872, stack(0x0000000002910000,0x0000000002a10000)]
  0x00000000619fc000 JavaThread "http-nio-9008-AsyncTimeout" daemon [_thread_blocked, id=7820, stack(0x00000000643f0000,0x00000000644f0000)]
  0x00000000619fb800 JavaThread "http-nio-9008-Acceptor-0" daemon [_thread_in_native, id=9044, stack(0x000000005a910000,0x000000005aa10000)]
  0x00000000619e6800 JavaThread "http-nio-9008-ClientPoller-1" daemon [_thread_in_native, id=5028, stack(0x0000000064280000,0x0000000064380000)]
  0x00000000619e6000 JavaThread "http-nio-9008-ClientPoller-0" daemon [_thread_in_native, id=4608, stack(0x0000000063590000,0x0000000063690000)]
  0x00000000619e5000 JavaThread "http-nio-9008-exec-10" daemon [_thread_blocked, id=5172, stack(0x0000000064170000,0x0000000064270000)]
  0x00000000619e4800 JavaThread "http-nio-9008-exec-9" daemon [_thread_blocked, id=9308, stack(0x0000000063f80000,0x0000000064080000)]
  0x00000000619e3800 JavaThread "http-nio-9008-exec-8" daemon [_thread_blocked, id=5556, stack(0x0000000063e50000,0x0000000063f50000)]
  0x00000000619e3000 JavaThread "http-nio-9008-exec-7" daemon [_thread_blocked, id=7444, stack(0x0000000063240000,0x0000000063340000)]
  0x00000000619e2000 JavaThread "http-nio-9008-exec-6" daemon [_thread_blocked, id=9356, stack(0x0000000063d00000,0x0000000063e00000)]
  0x00000000619e1800 JavaThread "http-nio-9008-exec-5" daemon [_thread_blocked, id=7488, stack(0x0000000063bc0000,0x0000000063cc0000)]
  0x00000000619e0800 JavaThread "http-nio-9008-exec-4" daemon [_thread_blocked, id=4412, stack(0x0000000063a40000,0x0000000063b40000)]
  0x00000000619e0000 JavaThread "http-nio-9008-exec-3" daemon [_thread_blocked, id=9024, stack(0x0000000063850000,0x0000000063950000)]
  0x000000005dfcf800 JavaThread "http-nio-9008-exec-2" daemon [_thread_blocked, id=164, stack(0x00000000636d0000,0x00000000637d0000)]
  0x000000005dfce800 JavaThread "http-nio-9008-exec-1" daemon [_thread_blocked, id=1028, stack(0x0000000063480000,0x0000000063580000)]
  0x000000005dfcd800 JavaThread "NioBlockingSelector.BlockPoller-1" daemon [_thread_in_native, id=9204, stack(0x0000000063370000,0x0000000063470000)]
  0x000000005dfcd000 JavaThread "DiscoveryClient-InstanceInfoReplicator-0" daemon [_thread_blocked, id=3092, stack(0x0000000063100000,0x0000000063200000)]
  0x000000005dfcc000 JavaThread "DiscoveryClient-1" daemon [_thread_blocked, id=3060, stack(0x0000000062fc0000,0x00000000630c0000)]
  0x000000005dfcb800 JavaThread "DiscoveryClient-0" daemon [_thread_blocked, id=7904, stack(0x0000000062e60000,0x0000000062f60000)]
  0x000000005dfca800 JavaThread "AsyncResolver-bootstrap-0" daemon [_thread_blocked, id=8536, stack(0x00000000607c0000,0x00000000608c0000)]
  0x000000005dfca000 JavaThread "Eureka-JerseyClient-Conn-Cleaner2" daemon [_thread_blocked, id=7460, stack(0x0000000062b00000,0x0000000062c00000)]
  0x000000005dfc8800 JavaThread "Eureka-JerseyClient-Conn-Cleaner2" daemon [_thread_blocked, id=9668, stack(0x000000005be50000,0x000000005bf50000)]
  0x000000005dc1f000 JavaThread "HikariPool-1 housekeeper" daemon [_thread_blocked, id=8124, stack(0x0000000060670000,0x0000000060770000)]
  0x000000005dc1e800 JavaThread "container-0" [_thread_blocked, id=8344, stack(0x000000005fdf0000,0x000000005fef0000)]
  0x000000005dc1d800 JavaThread "ContainerBackgroundProcessor[StandardEngine[Tomcat]]" daemon [_thread_blocked, id=6756, stack(0x000000005ab20000,0x000000005ac20000)]
  0x000000005dc1d000 JavaThread "SimplePauseDetectorThread_0" daemon [_thread_blocked, id=6992, stack(0x000000005c480000,0x000000005c580000)]
  0x000000005dc1c000 JavaThread "Thread-21" daemon [_thread_blocked, id=7096, stack(0x000000005fc60000,0x000000005fd60000)]
  0x000000005dc1b800 JavaThread "lettuce-eventExecutorLoop-1-1" daemon [_thread_blocked, id=7856, stack(0x000000005f950000,0x000000005fa50000)]
  0x000000005dc1a800 JavaThread "spring.cloud.inetutils" daemon [_thread_blocked, id=6840, stack(0x000000005f820000,0x000000005f920000)]
  0x000000005dc1a000 JavaThread "Abandoned connection cleanup thread" daemon [_thread_blocked, id=7560, stack(0x000000005f670000,0x000000005f770000)]
  0x000000005dc19000 JavaThread "localhost-startStop-1" daemon [_thread_blocked, id=576, stack(0x000000005f1b0000,0x000000005f2b0000)]
  0x000000005dc18800 JavaThread "Tomcat-startStop-1" daemon [_thread_blocked, id=9584, stack(0x000000005f080000,0x000000005f180000)]
  0x000000005af6c000 JavaThread "RMI Scheduler(0)" daemon [_thread_blocked, id=7256, stack(0x000000005c350000,0x000000005c450000)]
  0x000000005aee9800 JavaThread "RMI TCP Connection(2)-127.0.0.1" daemon [_thread_blocked, id=7880, stack(0x000000005bf60000,0x000000005c060000)]
  0x0000000059dd9800 JavaThread "RMI TCP Connection(1)-127.0.0.1" daemon [_thread_in_native, id=6076, stack(0x000000005a730000,0x000000005a830000)]
  0x0000000059dd3800 JavaThread "RMI TCP Accept-0" daemon [_thread_in_native, id=7612, stack(0x000000005ad20000,0x000000005ae20000)]
  0x0000000059d4a000 JavaThread "RMI TCP Accept-57993" daemon [_thread_in_native, id=7712, stack(0x000000005ac20000,0x000000005ad20000)]
  0x0000000059d38800 JavaThread "RMI TCP Accept-0" daemon [_thread_in_native, id=5304, stack(0x000000005aa10000,0x000000005ab10000)]
  0x0000000059b7f000 JavaThread "Service Thread" daemon [_thread_blocked, id=1260, stack(0x000000005a2f0000,0x000000005a3f0000)]
  0x0000000059b51000 JavaThread "C1 CompilerThread2" daemon [_thread_blocked, id=9288, stack(0x0000000059f90000,0x000000005a090000)]
  0x0000000059b4c000 JavaThread "C2 CompilerThread1" daemon [_thread_blocked, id=9808, stack(0x000000005a1d0000,0x000000005a2d0000)]
  0x0000000059b4b000 JavaThread "C2 CompilerThread0" daemon [_thread_blocked, id=9304, stack(0x000000005a090000,0x000000005a190000)]
  0x0000000058c63000 JavaThread "JDWP Command Reader" daemon [_thread_in_native, id=6824, stack(0x0000000059450000,0x0000000059550000)]
  0x0000000058c5f800 JavaThread "JDWP Event Helper Thread" daemon [_thread_blocked, id=5812, stack(0x00000000595d0000,0x00000000596d0000)]
  0x0000000058c5b800 JavaThread "JDWP Transport Listener: dt_socket" daemon [_thread_blocked, id=8352, stack(0x0000000059340000,0x0000000059440000)]
  0x0000000058c32800 JavaThread "Attach Listener" daemon [_thread_blocked, id=4532, stack(0x0000000059070000,0x0000000059170000)]
  0x00000000577b8000 JavaThread "Signal Dispatcher" daemon [_thread_blocked, id=4048, stack(0x00000000585f0000,0x00000000586f0000)]
  0x00000000577a6000 JavaThread "Finalizer" daemon [_thread_blocked, id=9148, stack(0x0000000058b20000,0x0000000058c20000)]
  0x000000005775e000 JavaThread "Reference Handler" daemon [_thread_blocked, id=2888, stack(0x0000000058930000,0x0000000058a30000)]

Other Threads:
  0x0000000057754800 VMThread [stack: 0x0000000058710000,0x0000000058810000] [id=2864]
  0x0000000059dd8000 WatcherThread [stack: 0x0000000058820000,0x0000000058920000] [id=8092]

VM state:synchronizing (normal execution)

VM Mutex/Monitor currently owned by a thread:  ([mutex/lock_event])
[0x0000000002568b00] Threads_lock - owner thread: 0x0000000057754800

Heap:
 PSYoungGen      total 444928K, used 110105K [0x00000000d7000000, 0x00000000f5600000, 0x0000000100000000)
  eden space 428032K, 21% used [0x00000000d7000000,0x00000000dcb09ae8,0x00000000f1200000)
  from space 16896K, 99% used [0x00000000f2300000,0x00000000f337cb90,0x00000000f3380000)
  to   space 17408K, 0% used [0x00000000f1200000,0x00000000f1200000,0x00000000f2300000)
 ParOldGen       total 112640K, used 49521K [0x0000000085000000, 0x000000008be00000, 0x00000000d7000000)
  object space 112640K, 43% used [0x0000000085000000,0x000000008805c5f8,0x000000008be00000)
 Metaspace       used 73578K, capacity 77208K, committed 77400K, reserved 1116160K
  class space    used 10150K, capacity 10797K, committed 10880K, reserved 1048576K

Card table byte_map: [0x0000000011ed0000,0x00000000122b0000] byte_map_base: 0x0000000011aa8000

Marking Bits: (ParMarkBitMap*) 0x0000000069d9a6c0
 Begin Bits: [0x0000000012c60000, 0x0000000014b20000)
 End Bits:   [0x0000000014b20000, 0x00000000169e0000)

Polling page: 0x0000000000130000

CodeCache: size=245760Kb used=13340Kb max_used=13431Kb free=232419Kb
 bounds [0x0000000002b10000, 0x0000000003830000, 0x0000000011b10000]
 total_blobs=6991 nmethods=6366 adapters=543
 compilation: enabled

Compilation events (10 events):
Event: 18.220 Thread 0x0000000059b51000 6509       1       java.io.ObjectInputStream$PeekInputStream::close (8 bytes)
Event: 18.220 Thread 0x0000000059b51000 nmethod 6509 0x000000000382e810 code [0x000000000382e960, 0x000000000382eaa8]
Event: 18.220 Thread 0x0000000059b51000 6510   !   1       com.sun.jmx.interceptor.DefaultMBeanServerInterceptor::invoke (49 bytes)
Event: 18.220 Thread 0x0000000059b51000 nmethod 6510 0x000000000382eb10 code [0x000000000382ed00, 0x000000000382f158]
Event: 18.220 Thread 0x0000000059b51000 6511       1       com.sun.jmx.mbeanserver.MBeanSupport::invoke (19 bytes)
Event: 18.220 Thread 0x0000000059b51000 nmethod 6511 0x000000000382f5d0 code [0x000000000382f740, 0x000000000382f8d8]
Event: 18.369 Thread 0x0000000059b51000 6512       1       java.lang.Thread::checkAccess (14 bytes)
Event: 18.370 Thread 0x0000000059b51000 nmethod 6512 0x000000000382f9d0 code [0x000000000382fb40, 0x000000000382fca8]
Event: 18.371 Thread 0x0000000059b51000 6513       1       javax.management.ObjectName::getKeyProperty (14 bytes)
Event: 18.376 Thread 0x0000000059b51000 


GC Heap History (10 events):
Event: 11.749 GC heap before
{Heap before GC invocations=13 (full 2):
 PSYoungGen      total 332288K, used 332202K [0x00000000d7000000, 0x00000000ee880000, 0x0000000100000000)
  eden space 322560K, 100% used [0x00000000d7000000,0x00000000eab00000,0x00000000eab00000)
  from space 9728K, 99% used [0x00000000edf00000,0x00000000ee86abf8,0x00000000ee880000)
  to   space 16896K, 0% used [0x00000000ec780000,0x00000000ec780000,0x00000000ed800000)
 ParOldGen       total 75776K, used 23082K [0x0000000085000000, 0x0000000089a00000, 0x00000000d7000000)
  object space 75776K, 30% used [0x0000000085000000,0x000000008668a950,0x0000000089a00000)
 Metaspace       used 44257K, capacity 46520K, committed 46720K, reserved 1089536K
  class space    used 5969K, capacity 6402K, committed 6528K, reserved 1048576K
Event: 11.763 GC heap after
Heap after GC invocations=13 (full 2):
 PSYoungGen      total 368640K, used 10753K [0x00000000d7000000, 0x00000000f3380000, 0x0000000100000000)
  eden space 351744K, 0% used [0x00000000d7000000,0x00000000d7000000,0x00000000ec780000)
  from space 16896K, 63% used [0x00000000ec780000,0x00000000ed2004e0,0x00000000ed800000)
  to   space 16896K, 0% used [0x00000000f2300000,0x00000000f2300000,0x00000000f3380000)
 ParOldGen       total 75776K, used 28420K [0x0000000085000000, 0x0000000089a00000, 0x00000000d7000000)
  object space 75776K, 37% used [0x0000000085000000,0x0000000086bc1370,0x0000000089a00000)
 Metaspace       used 44257K, capacity 46520K, committed 46720K, reserved 1089536K
  class space    used 5969K, capacity 6402K, committed 6528K, reserved 1048576K
}
Event: 13.103 GC heap before
{Heap before GC invocations=14 (full 2):
 PSYoungGen      total 368640K, used 188628K [0x00000000d7000000, 0x00000000f3380000, 0x0000000100000000)
  eden space 351744K, 50% used [0x00000000d7000000,0x00000000e1db4c40,0x00000000ec780000)
  from space 16896K, 63% used [0x00000000ec780000,0x00000000ed2004e0,0x00000000ed800000)
  to   space 16896K, 0% used [0x00000000f2300000,0x00000000f2300000,0x00000000f3380000)
 ParOldGen       total 75776K, used 28420K [0x0000000085000000, 0x0000000089a00000, 0x00000000d7000000)
  object space 75776K, 37% used [0x0000000085000000,0x0000000086bc1370,0x0000000089a00000)
 Metaspace       used 56562K, capacity 58922K, committed 59096K, reserved 1099776K
  class space    used 7655K, capacity 8107K, committed 8192K, reserved 1048576K
Event: 13.120 GC heap after
Heap after GC invocations=14 (full 2):
 PSYoungGen      total 444928K, used 13565K [0x00000000d7000000, 0x00000000f5600000, 0x0000000100000000)
  eden space 428032K, 0% used [0x00000000d7000000,0x00000000d7000000,0x00000000f1200000)
  from space 16896K, 80% used [0x00000000f2300000,0x00000000f303f660,0x00000000f3380000)
  to   space 17408K, 0% used [0x00000000f1200000,0x00000000f1200000,0x00000000f2300000)
 ParOldGen       total 75776K, used 36173K [0x0000000085000000, 0x0000000089a00000, 0x00000000d7000000)
  object space 75776K, 47% used [0x0000000085000000,0x0000000087353428,0x0000000089a00000)
 Metaspace       used 56562K, capacity 58922K, committed 59096K, reserved 1099776K
  class space    used 7655K, capacity 8107K, committed 8192K, reserved 1048576K
}
Event: 13.120 GC heap before
{Heap before GC invocations=15 (full 3):
 PSYoungGen      total 444928K, used 13565K [0x00000000d7000000, 0x00000000f5600000, 0x0000000100000000)
  eden space 428032K, 0% used [0x00000000d7000000,0x00000000d7000000,0x00000000f1200000)
  from space 16896K, 80% used [0x00000000f2300000,0x00000000f303f660,0x00000000f3380000)
  to   space 17408K, 0% used [0x00000000f1200000,0x00000000f1200000,0x00000000f2300000)
 ParOldGen       total 75776K, used 36173K [0x0000000085000000, 0x0000000089a00000, 0x00000000d7000000)
  object space 75776K, 47% used [0x0000000085000000,0x0000000087353428,0x0000000089a00000)
 Metaspace       used 56562K, capacity 58922K, committed 59096K, reserved 1099776K
  class space    used 7655K, capacity 8107K, committed 8192K, reserved 1048576K
Event: 13.246 GC heap after
Heap after GC invocations=15 (full 3):
 PSYoungGen      total 444928K, used 0K [0x00000000d7000000, 0x00000000f5600000, 0x0000000100000000)
  eden space 428032K, 0% used [0x00000000d7000000,0x00000000d7000000,0x00000000f1200000)
  from space 16896K, 0% used [0x00000000f2300000,0x00000000f2300000,0x00000000f3380000)
  to   space 17408K, 0% used [0x00000000f1200000,0x00000000f1200000,0x00000000f2300000)
 ParOldGen       total 112640K, used 43285K [0x0000000085000000, 0x000000008be00000, 0x00000000d7000000)
  object space 112640K, 38% used [0x0000000085000000,0x0000000087a45428,0x000000008be00000)
 Metaspace       used 56562K, capacity 58922K, committed 59096K, reserved 1099776K
  class space    used 7655K, capacity 8107K, committed 8192K, reserved 1048576K
}
Event: 15.731 GC heap before
{Heap before GC invocations=16 (full 3):
 PSYoungGen      total 444928K, used 428032K [0x00000000d7000000, 0x00000000f5600000, 0x0000000100000000)
  eden space 428032K, 100% used [0x00000000d7000000,0x00000000f1200000,0x00000000f1200000)
  from space 16896K, 0% used [0x00000000f2300000,0x00000000f2300000,0x00000000f3380000)
  to   space 17408K, 0% used [0x00000000f1200000,0x00000000f1200000,0x00000000f2300000)
 ParOldGen       total 112640K, used 43285K [0x0000000085000000, 0x000000008be00000, 0x00000000d7000000)
  object space 112640K, 38% used [0x0000000085000000,0x0000000087a45428,0x000000008be00000)
 Metaspace       used 62932K, capacity 66180K, committed 66264K, reserved 1105920K
  class space    used 8580K, capacity 9150K, committed 9216K, reserved 1048576K
Event: 15.745 GC heap after
Heap after GC invocations=16 (full 3):
 PSYoungGen      total 445440K, used 15164K [0x00000000d7000000, 0x00000000f5600000, 0x0000000100000000)
  eden space 428032K, 0% used [0x00000000d7000000,0x00000000d7000000,0x00000000f1200000)
  from space 17408K, 87% used [0x00000000f1200000,0x00000000f20cf240,0x00000000f2300000)
  to   space 16896K, 0% used [0x00000000f2300000,0x00000000f2300000,0x00000000f3380000)
 ParOldGen       total 112640K, used 43293K [0x0000000085000000, 0x000000008be00000, 0x00000000d7000000)
  object space 112640K, 38% used [0x0000000085000000,0x0000000087a47428,0x000000008be00000)
 Metaspace       used 62932K, capacity 66180K, committed 66264K, reserved 1105920K
  class space    used 8580K, capacity 9150K, committed 9216K, reserved 1048576K
}
Event: 18.060 GC heap before
{Heap before GC invocations=17 (full 3):
 PSYoungGen      total 445440K, used 443196K [0x00000000d7000000, 0x00000000f5600000, 0x0000000100000000)
  eden space 428032K, 100% used [0x00000000d7000000,0x00000000f1200000,0x00000000f1200000)
  from space 17408K, 87% used [0x00000000f1200000,0x00000000f20cf240,0x00000000f2300000)
  to   space 16896K, 0% used [0x00000000f2300000,0x00000000f2300000,0x00000000f3380000)
 ParOldGen       total 112640K, used 43293K [0x0000000085000000, 0x000000008be00000, 0x00000000d7000000)
  object space 112640K, 38% used [0x0000000085000000,0x0000000087a47428,0x000000008be00000)
 Metaspace       used 73430K, capacity 76976K, committed 77144K, reserved 1116160K
  class space    used 10141K, capacity 10789K, committed 10880K, reserved 1048576K
Event: 18.087 GC heap after
Heap after GC invocations=17 (full 3):
 PSYoungGen      total 444928K, used 16882K [0x00000000d7000000, 0x00000000f5600000, 0x0000000100000000)
  eden space 428032K, 0% used [0x00000000d7000000,0x00000000d7000000,0x00000000f1200000)
  from space 16896K, 99% used [0x00000000f2300000,0x00000000f337cb90,0x00000000f3380000)
  to   space 17408K, 0% used [0x00000000f1200000,0x00000000f1200000,0x00000000f2300000)
 ParOldGen       total 112640K, used 49521K [0x0000000085000000, 0x000000008be00000, 0x00000000d7000000)
  object space 112640K, 43% used [0x0000000085000000,0x000000008805c5f8,0x000000008be00000)
 Metaspace       used 73430K, capacity 76976K, committed 77144K, reserved 1116160K
  class space    used 10141K, capacity 10789K, committed 10880K, reserved 1048576K
}

Deoptimization events (0 events):
No events

Internal exceptions (10 events):
Event: 17.987 Thread 0x000000000256a000 Exception <a 'java/lang/ArrayIndexOutOfBoundsException'> (0x00000000f00d1138) thrown at [C:\re\workspace\8-2-build-windows-amd64-cygwin\jdk8u111\7883\hotspot\src\share\vm\runtime\sharedRuntime.cpp, line 605]
Event: 17.987 Thread 0x000000000256a000 Exception <a 'java/lang/ArrayIndexOutOfBoundsException'> (0x00000000f00d2e18) thrown at [C:\re\workspace\8-2-build-windows-amd64-cygwin\jdk8u111\7883\hotspot\src\share\vm\runtime\sharedRuntime.cpp, line 605]
Event: 17.987 Thread 0x000000000256a000 Exception <a 'java/lang/ArrayIndexOutOfBoundsException'> (0x00000000f00d4740) thrown at [C:\re\workspace\8-2-build-windows-amd64-cygwin\jdk8u111\7883\hotspot\src\share\vm\runtime\sharedRuntime.cpp, line 605]
Event: 17.987 Thread 0x000000000256a000 Exception <a 'java/lang/ArrayIndexOutOfBoundsException'> (0x00000000f00d60b0) thrown at [C:\re\workspace\8-2-build-windows-amd64-cygwin\jdk8u111\7883\hotspot\src\share\vm\runtime\sharedRuntime.cpp, line 605]
Event: 17.994 Thread 0x000000000256a000 Exception <a 'java/lang/ArrayIndexOutOfBoundsException'> (0x00000000f022c9b0) thrown at [C:\re\workspace\8-2-build-windows-amd64-cygwin\jdk8u111\7883\hotspot\src\share\vm\runtime\sharedRuntime.cpp, line 605]
Event: 18.003 Thread 0x000000000256a000 Exception <a 'java/lang/ArrayIndexOutOfBoundsException'> (0x00000000f02b3ca8) thrown at [C:\re\workspace\8-2-build-windows-amd64-cygwin\jdk8u111\7883\hotspot\src\share\vm\runtime\sharedRuntime.cpp, line 605]
Event: 18.005 Thread 0x000000005dfcd000 Exception <a 'java/net/SocketTimeoutException': Read timed out> (0x00000000f07647a0) thrown at [C:\re\workspace\8-2-build-windows-amd64-cygwin\jdk8u111\7883\hotspot\src\share\vm\prims\jni.cpp, line 735]
Event: 18.028 Thread 0x000000005dfcd000 Exception <a 'java/lang/ArrayIndexOutOfBoundsException'> (0x00000000f08cce00) thrown at [C:\re\workspace\8-2-build-windows-amd64-cygwin\jdk8u111\7883\hotspot\src\share\vm\runtime\sharedRuntime.cpp, line 605]
Event: 18.028 Thread 0x000000005dfcd000 Exception <a 'java/lang/ArrayIndexOutOfBoundsException'> (0x00000000f08ceb48) thrown at [C:\re\workspace\8-2-build-windows-amd64-cygwin\jdk8u111\7883\hotspot\src\share\vm\runtime\sharedRuntime.cpp, line 605]
Event: 18.373 Thread 0x0000000061a01800 StackOverflowError at 0x0000000002c70c00

Events (10 events):
Event: 18.374 Thread 0x0000000059b51000 flushing nmethod 0x00000000032992d0
Event: 18.374 Thread 0x0000000059b51000 flushing nmethod 0x0000000003299950
Event: 18.374 Thread 0x0000000059b51000 flushing nmethod 0x000000000329a7d0
Event: 18.374 Thread 0x0000000059b51000 flushing nmethod 0x00000000032a90d0
Event: 18.374 Thread 0x0000000059b51000 flushing nmethod 0x00000000032bff50
Event: 18.374 Thread 0x0000000059b51000 flushing nmethod 0x00000000032dc990
Event: 18.375 Thread 0x0000000059b51000 flushing nmethod 0x00000000033e13d0
Event: 18.375 Thread 0x0000000059b51000 flushing nmethod 0x000000000346d4d0
Event: 18.375 Thread 0x0000000059b51000 flushing nmethod 0x0000000003485bd0
Event: 18.382 Executing VM operation: RevokeBias


Dynamic libraries:
0x000000013f140000 - 0x000000013f177000 	D:\jdk8\bin\java.exe
0x00000000775d0000 - 0x000000007777a000 	C:\Windows\SYSTEM32\ntdll.dll
0x00000000774b0000 - 0x00000000775cf000 	C:\Windows\system32\kernel32.dll
0x000007fefdb30000 - 0x000007fefdb9a000 	C:\Windows\system32\KERNELBASE.dll
0x000007feff0a0000 - 0x000007feff17b000 	C:\Windows\system32\ADVAPI32.dll
0x000007feff3d0000 - 0x000007feff46f000 	C:\Windows\system32\msvcrt.dll
0x000007feff7b0000 - 0x000007feff7cf000 	C:\Windows\SYSTEM32\sechost.dll
0x000007feff470000 - 0x000007feff59d000 	C:\Windows\system32\RPCRT4.dll
0x0000000077030000 - 0x000000007712a000 	C:\Windows\system32\USER32.dll
0x000007fefde20000 - 0x000007fefde87000 	C:\Windows\system32\GDI32.dll
0x000007fefde10000 - 0x000007fefde1e000 	C:\Windows\system32\LPK.dll
0x000007feff2a0000 - 0x000007feff36b000 	C:\Windows\system32\USP10.dll
0x000007fefc380000 - 0x000007fefc574000 	C:\Windows\WinSxS\amd64_microsoft.windows.common-controls_6595b64144ccf1df_6.0.7601.17514_none_fa396087175ac9ac\COMCTL32.dll
0x000007feff640000 - 0x000007feff6b1000 	C:\Windows\system32\SHLWAPI.dll
0x000007fefde90000 - 0x000007fefdebe000 	C:\Windows\system32\IMM32.DLL
0x000007feff7d0000 - 0x000007feff8d9000 	C:\Windows\system32\MSCTF.dll
0x0000000074040000 - 0x0000000074112000 	D:\jdk8\jre\bin\msvcr100.dll
0x0000000069580000 - 0x0000000069e1a000 	D:\jdk8\jre\bin\server\jvm.dll
0x000007fef0e40000 - 0x000007fef0e49000 	C:\Windows\system32\WSOCK32.dll
0x000007fefdec0000 - 0x000007fefdf0d000 	C:\Windows\system32\WS2_32.dll
0x000007feff6c0000 - 0x000007feff6c8000 	C:\Windows\system32\NSI.dll
0x000007fefba60000 - 0x000007fefba9b000 	C:\Windows\system32\WINMM.dll
0x000007fefcb70000 - 0x000007fefcb7c000 	C:\Windows\system32\VERSION.dll
0x00000000777a0000 - 0x00000000777a7000 	C:\Windows\system32\PSAPI.DLL
0x0000000074520000 - 0x000000007452f000 	D:\jdk8\jre\bin\verify.dll
0x00000000741d0000 - 0x00000000741f9000 	D:\jdk8\jre\bin\java.dll
0x0000000074490000 - 0x00000000744c5000 	D:\jdk8\jre\bin\jdwp.dll
0x0000000074510000 - 0x0000000074518000 	D:\jdk8\jre\bin\npt.dll
0x00000000741a0000 - 0x00000000741c3000 	D:\jdk8\jre\bin\instrument.dll
0x0000000074180000 - 0x0000000074196000 	D:\jdk8\jre\bin\zip.dll
0x000007fefe310000 - 0x000007feff09a000 	C:\Windows\system32\SHELL32.dll
0x000007fefdf10000 - 0x000007fefe10c000 	C:\Windows\system32\ole32.dll
0x000007fefda40000 - 0x000007fefda4f000 	C:\Windows\system32\profapi.dll
0x0000000074480000 - 0x0000000074489000 	D:\jdk8\jre\bin\dt_socket.dll
0x000007fefd270000 - 0x000007fefd2c5000 	C:\Windows\system32\mswsock.dll
0x000007fefcc70000 - 0x000007fefcc77000 	C:\Windows\System32\wshtcpip.dll
0x0000000074130000 - 0x000000007413d000 	D:\jdk8\jre\bin\management.dll
0x0000000074160000 - 0x000000007417a000 	D:\jdk8\jre\bin\net.dll
0x000007fefd260000 - 0x000007fefd267000 	C:\Windows\System32\wship6.dll
0x0000000074140000 - 0x0000000074151000 	D:\jdk8\jre\bin\nio.dll
0x000007fefba10000 - 0x000007fefba25000 	C:\Windows\system32\NLAapi.dll
0x000007fef9f60000 - 0x000007fef9f75000 	C:\Windows\system32\napinsp.dll
0x000007fef9f40000 - 0x000007fef9f59000 	C:\Windows\system32\pnrpnsp.dll
0x000007fefd0f0000 - 0x000007fefd14b000 	C:\Windows\system32\DNSAPI.dll
0x000007fef9f30000 - 0x000007fef9f3b000 	C:\Windows\System32\winrnr.dll
0x000007fefb6e0000 - 0x000007fefb707000 	C:\Windows\system32\IPHLPAPI.DLL
0x000007fefb6c0000 - 0x000007fefb6cb000 	C:\Windows\system32\WINNSI.DLL
0x000007fef9d80000 - 0x000007fef9d88000 	C:\Windows\system32\rasadhlp.dll
0x000007fefb570000 - 0x000007fefb5c3000 	C:\Windows\System32\fwpuclnt.dll
0x000007fefd2d0000 - 0x000007fefd2e7000 	C:\Windows\system32\CRYPTSP.dll
0x000007fefcfd0000 - 0x000007fefd017000 	C:\Windows\system32\rsaenh.dll
0x000007fefcd80000 - 0x000007fefcd9e000 	C:\Windows\system32\USERENV.dll
0x000007fefd930000 - 0x000007fefd93f000 	C:\Windows\system32\CRYPTBASE.dll
0x000007fefb4d0000 - 0x000007fefb4e1000 	C:\Windows\system32\dhcpcsvc6.DLL
0x000007fefb480000 - 0x000007fefb498000 	C:\Windows\system32\dhcpcsvc.DLL
0x0000000180000000 - 0x000000018020f000 	D:\apache-tomcat-8.5.31\bin\tcnative-1.dll
0x0000000073e00000 - 0x0000000073e24000 	D:\jdk8\jre\bin\sunec.dll

VM Arguments:
jvm_args: -agentlib:jdwp=transport=dt_socket,address=127.0.0.1:57994,suspend=y,server=n -XX:TieredStopAtLevel=1 -Xverify:none -Dspring.output.ansi.enabled=always -Dcom.sun.management.jmxremote -Dcom.sun.management.jmxremote.port=57993 -Dcom.sun.management.jmxremote.authenticate=false -Dcom.sun.management.jmxremote.ssl=false -Djava.rmi.server.hostname=localhost -Dspring.liveBeansView.mbeanDomain -Dspring.application.admin.enabled=true -javaagent:E:\IntelliJIDEA2018.1.3\lib\rt\debugger-agent.jar=file:/C:/Users/Administrator/AppData/Local/Temp/capture.props -Dfile.encoding=UTF-8 
java_command: com.zf.cloud.UserApplication
java_class_path (initial): D:\jdk8\jre\lib\charsets.jar;D:\jdk8\jre\lib\deploy.jar;D:\jdk8\jre\lib\ext\access-bridge-64.jar;D:\jdk8\jre\lib\ext\cldrdata.jar;D:\jdk8\jre\lib\ext\dnsns.jar;D:\jdk8\jre\lib\ext\jaccess.jar;D:\jdk8\jre\lib\ext\jfxrt.jar;D:\jdk8\jre\lib\ext\localedata.jar;D:\jdk8\jre\lib\ext\nashorn.jar;D:\jdk8\jre\lib\ext\sunec.jar;D:\jdk8\jre\lib\ext\sunjce_provider.jar;D:\jdk8\jre\lib\ext\sunmscapi.jar;D:\jdk8\jre\lib\ext\sunpkcs11.jar;D:\jdk8\jre\lib\ext\zipfs.jar;D:\jdk8\jre\lib\javaws.jar;D:\jdk8\jre\lib\jce.jar;D:\jdk8\jre\lib\jfr.jar;D:\jdk8\jre\lib\jfxswt.jar;D:\jdk8\jre\lib\jsse.jar;D:\jdk8\jre\lib\management-agent.jar;D:\jdk8\jre\lib\plugin.jar;D:\jdk8\jre\lib\resources.jar;D:\jdk8\jre\lib\rt.jar;E:\code\cloud-parent\cloud-user\target\classes;E:\repository\org\springframework\cloud\spring-cloud-starter-config\2.0.0.M9\spring-cloud-starter-config-2.0.0.M9.jar;E:\repository\org\springframework\cloud\spring-cloud-starter\2.0.0.M9\spring-cloud-starter-2.0.0.M9.jar;E:\repository\org\springframework\cloud\spring-cloud-context\2.0.0.M9\spring-cloud-context-2.0.0.M9.jar;E:\repository\org\springframework\security\spring-security-rsa\1.0.5.RELEASE\spring-security-rsa-1.0.5.RELEASE.jar;E:\repository\org\bouncycastle\bcpkix-jdk15on\1.56\bcpkix-jdk15on-1.56.jar;E:\repository\org\bouncycastle\bcprov-jdk15on\1.56\bcprov-jdk15on-1.56.jar;E:\repository\org\springframework\cloud\spring-cloud-config-client\2.0.0.M9\spring-cloud-config-client-2.0.0.M9.jar;E:\repository\org\springframework\boot\spring-boot-autoconfigure\2.0.1.RELEASE\spring-boot-autoconfigure-2.0.1.RELEASE.jar;E:\repository\com\fasterxml\jackson\core\jackson-annotations\2.9.0\jackson-annotations-2.9.0.jar;E:\repository\com\fasterxml\jackson\core\jackson-databind\2.9.3\jackson-databind-2.9.3.jar;E:\repository\com\fasterxml\jackson\core\jackson-core\2.9.3\jackson-core-2.9.3.jar;E:\repository\org\springframework\boot\spring-boot-starter-data-jpa\2.0.1.RELEASE\spring-boot-starter-data-jpa-2.0.1.RELEA
Launcher Type: SUN_STANDARD

Environment Variables:
JAVA_HOME=D:\jdk8
CLASSPATH=.;D:\jdk8\lib;
PATH=C:\Program Files (x86)\Common Files\NetSarang;C:\Windows\system32;C:\Windows;C:\Windows\System32\Wbem;C:\Windows\System32\WindowsPowerShell\v1.0\;E:\apache-maven-3.5.4\bin;D:\jdk8\bin;D:\jdk8\jre\bin;E:\app\apache-maven-3.5.3\bin;C:\Program Files\TortoiseSVN\bin;C:\sqlite;D:\apache-tomcat-8.5.31\lib;D:\apache-tomcat-8.5.31\bin;E:\mysql-8.0.11-winx64\bin;E:\node\;E:\svnTools\bin;E:\docker\Git\bin;E:\erl10.0.1\bin;E:\RabbitMQ\rabbitmq_server-3.7.9\sbin;;C:\Users\Administrator\AppData\Roaming\npm;E:\docker\Boot2Docker for Windows
USERNAME=Administrator
OS=Windows_NT
PROCESSOR_IDENTIFIER=Intel64 Family 6 Model 60 Stepping 3, GenuineIntel



---------------  S Y S T E M  ---------------

OS: Windows 7 , 64 bit Build 7601 (6.1.7601.23889)

CPU:total 4 (4 cores per cpu, 1 threads per core) family 6 model 60 stepping 3, cmov, cx8, fxsr, mmx, sse, sse2, sse3, ssse3, sse4.1, sse4.2, popcnt, avx, avx2, aes, clmul, erms, rtm, lzcnt, tsc, tscinvbit, bmi1, bmi2

Memory: 4k page, physical 8057984k(1405368k free), swap 8056124k(5108k free)

vm_info: Java HotSpot(TM) 64-Bit Server VM (25.111-b14) for windows-amd64 JRE (1.8.0_111-b14), built on Sep 22 2016 19:24:05 by "java_re" with MS VC++ 10.0 (VS2010)

time: Wed Dec 19 16:17:18 2018
elapsed time: 18 seconds (0d 0h 0m 18s)

